srun: Job step aborted: Waiting up to 32 seconds for job step to finish.
slurmstepd: error: *** JOB 17334 ON slurm-gp257-devel-compute-3-0 CANCELLED AT 2023-03-07T18:09:11 ***
slurmstepd: error: *** STEP 17334.0 ON slurm-gp257-devel-compute-3-0 CANCELLED AT 2023-03-07T18:09:11 ***
