srun: Job step aborted: Waiting up to 32 seconds for job step to finish.
slurmstepd: error: *** JOB 17338 ON slurm-gp257-devel-compute-3-0 CANCELLED AT 2023-03-07T19:15:54 DUE TO TIME LIMIT ***
slurmstepd: error: *** STEP 17338.0 ON slurm-gp257-devel-compute-3-0 CANCELLED AT 2023-03-07T19:15:54 DUE TO TIME LIMIT ***
