srun: Job step aborted: Waiting up to 32 seconds for job step to finish.
slurmstepd: error: *** JOB 17268 ON slurm-gp257-devel-compute-3-1 CANCELLED AT 2023-03-06T01:58:47 DUE TO TIME LIMIT ***
slurmstepd: error: *** STEP 17268.0 ON slurm-gp257-devel-compute-3-1 CANCELLED AT 2023-03-06T01:58:47 DUE TO TIME LIMIT ***
